<?xml version="1.0" encoding="UTF-8"?>
<testsuite xmlns:xsi="http://www.w3.org/2001/XMLSchema-instance" xsi:noNamespaceSchemaLocation="https://maven.apache.org/surefire/maven-surefire-plugin/xsd/surefire-test-report.xsd" version="3.0.2" name="com.moneymanage.MoneyManage.MoneyManageApplicationTests" time="10.489" tests="1" errors="0" skipped="0" failures="0">
  <properties>
[...]
</properties>
  <testcase name="contextLoads" classname="com.moneymanage.MoneyManage.MoneyManageApplicationTests" time="0.591">
    <system-out><![CDATA[13:46:22.619 [main] INFO org.springframework.test.context.support.AnnotationConfigContextLoaderUtils -- Could not detect default configuration classes for test class [com.moneymanage.MoneyManage.MoneyManageApplicationTests]: MoneyManageApplicationTests does not declare any static, non-private, non-final, nested classes annotated with @Configuration.
13:46:22.791 [main] INFO org.springframework.boot.test.context.SpringBootTestContextBootstrapper -- Found @SpringBootConfiguration com.moneymanage.MoneyManage.MoneyManageApplication for test class com.moneymanage.MoneyManage.MoneyManageApplicationTests

  .   ____          _            __ _ _
 /\\ / ___'_ __ _ _(_)_ __  __ _ \ \ \ \
( ( )\___ | '_ | '_| | '_ \/ _` | \ \ \ \
 \\/  ___)| |_)| | | | | || (_| |  ) ) ) )
  '  |____| .__|_| |_|_| |_\__, | / / / /
 =========|_|==============|___/=/_/_/_/

 :: Spring Boot ::                (v3.5.7)

2025-11-27T13:46:23.587+05:30  INFO 28824 --- [MoneyManage] [           main] c.m.M.MoneyManageApplicationTests        : Starting MoneyManageApplicationTests using Java 25 with PID 28824 (started by karth in C:\Users\karth\Downloads\MoneyManage\MoneyManage)
2025-11-27T13:46:23.589+05:30  INFO 28824 --- [MoneyManage] [           main] c.m.M.MoneyManageApplicationTests        : No active profile set, falling back to 1 default profile: "default"
2025-11-27T13:46:25.354+05:30  INFO 28824 --- [MoneyManage] [           main] .s.d.r.c.RepositoryConfigurationDelegate : Bootstrapping Spring Data JPA repositories in DEFAULT mode.
2025-11-27T13:46:25.460+05:30  INFO 28824 --- [MoneyManage] [           main] .s.d.r.c.RepositoryConfigurationDelegate : Finished Spring Data repository scanning in 92 ms. Found 4 JPA repository interfaces.
2025-11-27T13:46:26.474+05:30  INFO 28824 --- [MoneyManage] [           main] o.hibernate.jpa.internal.util.LogHelper  : HHH000204: Processing PersistenceUnitInfo [name: default]
2025-11-27T13:46:26.651+05:30  INFO 28824 --- [MoneyManage] [           main] org.hibernate.Version                    : HHH000412: Hibernate ORM core version 6.6.33.Final
2025-11-27T13:46:26.757+05:30  INFO 28824 --- [MoneyManage] [           main] o.h.c.internal.RegionFactoryInitiator    : HHH000026: Second-level cache disabled
2025-11-27T13:46:27.536+05:30  INFO 28824 --- [MoneyManage] [           main] o.s.o.j.p.SpringPersistenceUnitInfo      : No LoadTimeWeaver setup: ignoring JPA class transformer
2025-11-27T13:46:27.584+05:30  INFO 28824 --- [MoneyManage] [           main] com.zaxxer.hikari.HikariDataSource       : HikariPool-1 - Starting...
2025-11-27T13:46:28.179+05:30  INFO 28824 --- [MoneyManage] [           main] com.zaxxer.hikari.pool.HikariPool        : HikariPool-1 - Added connection com.mysql.cj.jdbc.ConnectionImpl@24fef542
2025-11-27T13:46:28.183+05:30  INFO 28824 --- [MoneyManage] [           main] com.zaxxer.hikari.HikariDataSource       : HikariPool-1 - Start completed.
2025-11-27T13:46:28.287+05:30  WARN 28824 --- [MoneyManage] [           main] org.hibernate.orm.deprecation            : HHH90000025: MySQL8Dialect does not need to be specified explicitly using 'hibernate.dialect' (remove the property setting and it will be selected by default)
2025-11-27T13:46:28.289+05:30  WARN 28824 --- [MoneyManage] [           main] org.hibernate.orm.deprecation            : HHH90000026: MySQL8Dialect has been deprecated; use org.hibernate.dialect.MySQLDialect instead
2025-11-27T13:46:28.326+05:30  INFO 28824 --- [MoneyManage] [           main] org.hibernate.orm.connections.pooling    : HHH10001005: Database info:
	Database JDBC URL [Connecting through datasource 'HikariDataSource (HikariPool-1)']
	Database driver: undefined/unknown
	Database version: 8.0
	Autocommit mode: undefined/unknown
	Isolation level: undefined/unknown
	Minimum pool size: undefined/unknown
	Maximum pool size: undefined/unknown
2025-11-27T13:46:29.576+05:30  INFO 28824 --- [MoneyManage] [           main] o.h.e.t.j.p.i.JtaPlatformInitiator       : HHH000489: No JTA platform available (set 'hibernate.transaction.jta.platform' to enable JTA platform integration)
2025-11-27T13:46:29.769+05:30  INFO 28824 --- [MoneyManage] [           main] j.LocalContainerEntityManagerFactoryBean : Initialized JPA EntityManagerFactory for persistence unit 'default'
2025-11-27T13:46:30.542+05:30  INFO 28824 --- [MoneyManage] [           main] o.s.d.j.r.query.QueryEnhancerFactory     : Hibernate is in classpath; If applicable, HQL parser will be used.
2025-11-27T13:46:31.263+05:30  INFO 28824 --- [MoneyManage] [           main] r$InitializeUserDetailsManagerConfigurer : Global AuthenticationManager configured with UserDetailsService bean with name appUserDetailsService
2025-11-27T13:46:31.783+05:30 DEBUG 28824 --- [MoneyManage] [           main] o.s.s.web.DefaultSecurityFilterChain     : Will secure any request with filters: DisableEncodeUrlFilter, WebAsyncManagerIntegrationFilter, SecurityContextHolderFilter, HeaderWriterFilter, CorsFilter, LogoutFilter, JwtRequestFilter, RequestCacheAwareFilter, SecurityContextHolderAwareRequestFilter, AnonymousAuthenticationFilter, SessionManagementFilter, ExceptionTranslationFilter, AuthorizationFilter
2025-11-27T13:46:32.319+05:30  INFO 28824 --- [MoneyManage] [           main] c.m.M.MoneyManageApplicationTests        : Started MoneyManageApplicationTests in 9.336 seconds (process running for 10.832)
]]></system-out>
    <system-err><![CDATA[WARNING: Use of the three-letter time zone ID "IST" is deprecated and it will be removed in a future release
WARNING: Use of the three-letter time zone ID "IST" is deprecated and it will be removed in a future release
Mockito is currently self-attaching to enable the inline-mock-maker. This will no longer work in future releases of the JDK. Please add Mockito as an agent to your build as described in Mockito's documentation: https://javadoc.io/doc/org.mockito/mockito-core/latest/org.mockito/org/mockito/Mockito.html#0.3
WARNING: A Java agent has been loaded dynamically (C:\Users\karth\.m2\repository\net\bytebuddy\byte-buddy-agent\1.17.8\byte-buddy-agent-1.17.8.jar)
WARNING: If a serviceability tool is in use, please run with -XX:+EnableDynamicAgentLoading to hide this warning
WARNING: If a serviceability tool is not in use, please run with -Djdk.instrument.traceUsage for more information
WARNING: Dynamic loading of agents will be disallowed by default in a future release
]]></system-err>
  </testcase>
</testsuite>